[www.enhancercm.com/index.html]
[backblue.gif]
[fade.gif]
[index.html]
[www.enhancercm.com/favicon.ico]
[www.enhancercm.com/feeds/posts/default]
[www.enhancercm.com/feeds/posts/default9522]
[blogger.googleusercontent.com/img/b/R29vZ2xl/AVvXsEgFzbPKo1SJftduT-QWSP9_GEY4N5722daakV3LvOb/s24/shortcut icon favicon.png]
[blogger.googleusercontent.com/img/b/R29vZ2xl/AVvXsEiGrxSkXQnklU41cvAWj5D_8sM0aGiXevTTExLPsRp/s180/apple-touch-icon-favicon.png]
[www.enhancercm.com/webfonts/fa-brands-400.5.delayed]
[www.enhancercm.com/webfonts/fa-brands-400.6.delayed]
[www.enhancercm.com/webfonts/fa-regular-400.7.delayed]
[www.enhancercm.com/webfonts/fa-regular-400.8.delayed]
[www.enhancercm.com/webfonts/fa-solid-900.9.delayed]
[www.enhancercm.com/webfonts/fa-solid-900.a.delayed]
[www.enhancercm.com/webfonts/fa-v4compatibility.b.delayed]
[www.enhancercm.com/webfonts/fa-v4compatibility.c.delayed]
[www.statcounter.com/counter/counter_xhtml.js]
[cdn.jsdelivr.net/npm/bootstrap@5.4.0/dist/css/bootstrap.min.e.delayed]
[www.enhancercm.com/p/privacy-policy.html]
[blogger.googleusercontent.com/img/b/R29vZ2xl/AVvXsEjeCA3xa5ehycuZgDxlrciEz-W4lNhngLPVhi8hcHr/s16000/ERCM LOGO B.png]
[blogger.googleusercontent.com/img/b/R29vZ2xl/AVvXsEh7U1uQhyphenhyphen1cYOX7n1doMqvHK4FtQcKvx/s16000/EBRCM LOGO W.png]
[i.pinimg.com/originals/0e/5e/b7/0e5eb739cb39f01d54fd5c8a32c65b96.jpg]
[www.enhancercm.com/p/services.html]
[www.enhancercm.com/p/contact.html]
[www.enhancercm.com/p/about.html]
[www.enhancercm.com/p/who-we-help.html]
[cdn.iconscout.com/icon/free/png-256/free-linkedin-160-461814.png]
[i.pinimg.com/564x/3c/69/31/3c693120115e489f32fc073a6dbe7d2d.jpg]
[i.pinimg.com/564x/50/47/a9/5047a9edfd94cae7476eb6537b43b88d.jpg]
[www.enhancercm.com/p/faq.html]
[www.enhancercm.com/p/why-rcm-matters.html]
[www.enhancercm.com/p/benefits-of-outsourcing-rcm.html]
[www.enhancercm.com/p/our-approach.html]
[www.enhancercm.com/p/key-benefits-for-clients.html]
[i.pinimg.com/564x/b9/d1/82/b9d182db25374f43666292ed15cf8ddc.jpg]
[www.enhancercm.com/p/how-we-differ-from-others.html]
[www.enhancercm.com/p/the-leadership.html]
[www.enhancercm.com/p/our-rcm-team.html]
[blogger.googleusercontent.com/img/b/R29vZ2xl/AVvXsEjSgK9T6Yrs9APdUl3aLU8ShDAGQMgJir5_iWLdHAI/s1015/Hipaa.png]
[blogger.googleusercontent.com/img/b/R29vZ2xl/AVvXsEinlDMs9NmZK_heyOoKqRiQZxoq2V7AmacMAiZ9dZ6/s420/Handle.png]
[blogger.googleusercontent.com/img/b/R29vZ2xl/AVvXsEhl3y8fpFO-uM1DBIgpva4dETu6hRv5covbEEdNTTi/s16000/RCM Banner.png]
[blogger.googleusercontent.com/img/b/R29vZ2xl/AVvXsEh3trKxdtDwIxRhTzsgarGQaswMGwJMVndYyI65VfP/s350/01.png]
[blogger.googleusercontent.com/img/b/R29vZ2xl/AVvXsEi-4xnlTMfME68LHYAcfwhUQPqk_hl0jumL5ccZzgd/s350/02.png]
[blogger.googleusercontent.com/img/b/R29vZ2xl/AVvXsEgZOtAkMlX8GJKlYhiO-4lEkvJbfB2RFUGwQS_GQ16/s350/03.png]
[blogger.googleusercontent.com/img/b/R29vZ2xl/AVvXsEiSWUlz21PWHZHh89TKSWbZPpmunkZaqSqqPqhRU1Q/s350/04.png]
[blogger.googleusercontent.com/img/b/R29vZ2xl/AVvXsEhDiPVPb99AqSJkUriLy6fpUIrAXKX_HLudiyHKKmq/s350/05.png]
[blogger.googleusercontent.com/img/b/R29vZ2xl/AVvXsEhMYi_Eez0mM0F1Cn33wd_sFmUXUc6zPq9m9gbO9mi/s350/06.png]
[blogger.googleusercontent.com/img/b/R29vZ2xl/AVvXsEg4PekzkUQCEdIVAck8bZo3P9X3xNGx5RQZds6nuRe/s350/07.png]
[blogger.googleusercontent.com/img/b/R29vZ2xl/AVvXsEi87uzrVTkAi4ZdYXjsKl_DImI6H80x-TkmqBxGXR-/s350/08.png]
[blogger.googleusercontent.com/img/b/R29vZ2xl/AVvXsEglDJkg9M2z5AMjYHcFlFSr7e5B1lXo1t_H1hPtfEY/s350/09.png]
[blogger.googleusercontent.com/img/b/R29vZ2xl/AVvXsEgAyB8JS-nMiu5wMHTcnToFBWrx6RAiUQH6ryuBUCj/s350/10.png]
[blogger.googleusercontent.com/img/b/R29vZ2xl/AVvXsEhsZXydWt2K1n6izIlkF5Rf_TLo50CiFQzwId5Z3Ew/s350/11.png]
[blogger.googleusercontent.com/img/b/R29vZ2xl/AVvXsEg3yGiZcgh7HK_QDL772oQUmHzqLnxixiHI_FGEExN/s350/12.png]
[blogger.googleusercontent.com/img/b/R29vZ2xl/AVvXsEgOFEoYTax4mSE8h-zGyKcQdKytjDZ7vo2OzlWr2Qd/s350/13.png]
[blogger.googleusercontent.com/img/b/R29vZ2xl/AVvXsEj86JODkZFEm1i3vHYB7LqKQ_Cfjp4yslYOt4E1l5w/s350/14.png]
[blogger.googleusercontent.com/img/b/R29vZ2xl/AVvXsEj6DVFk6eNT0wx22PmzKFSvFWLur3YXfTPNmuFco5V/s16000/Cover 01.jpg]
[blogger.googleusercontent.com/img/b/R29vZ2xl/AVvXsEj4MPau1BfeHBOjMuXZgaksWIbZTsEu0WuBj23PbAJ/s16000/Cover 02.jpg]
[blogger.googleusercontent.com/img/b/R29vZ2xl/AVvXsEgpf-LGPjQNRY1XIj_rtgVMNchEjL5sc0wsjdGssO7/s440/Approach.png]
[blogger.googleusercontent.com/img/b/R29vZ2xl/AVvXsEiDi1ne2doXH2lwNBOKnvlHb6YZiHDXxAfDAvDnR7r/s441/Testrimonial.png]
[www.enhancercm.com/p/careers.html]
[www.enhancercm.com/p/terms-conditions.html]
[blogger.googleusercontent.com/img/b/R29vZ2xl/AVvXsEiSSlLVmihpya9ZB2-ka_03v41Katg_c_fw6aAAq2x/s1464/Hipaa compliant.png]
[kit.fontawesome.com/59587568f2.js]
[cdn.jsdelivr.net/npm/bootstrap-icons@1.11.3/font/bootstrap-icons.min.css]
[cdn.jsdelivr.net/npm/bootstrap@5.3.3/dist/js/bootstrap.bundle.min.js]
[www.enhancercm.com/e.3e.delayed]
[www.enhancercm.com/Version/index.html]
[www.enhancercm.com/t.params.3f.delayed]
[www.blogger.com/static/v1/widgets/2563766527-widgets.js]
[www.enhancercm.com/index.html]
[www.enhancercm.com/webfonts/fa-brands-400.html]
[www.enhancercm.com/webfonts/fa-brands-401.html]
[www.enhancercm.com/webfonts/fa-regular-400.html]
[www.enhancercm.com/webfonts/fa-regular-401.html]
[www.enhancercm.com/webfonts/fa-solid-900.html]
[www.enhancercm.com/webfonts/fa-solid-901.html]
[www.enhancercm.com/webfonts/fa-v4compatibility.html]
[www.enhancercm.com/webfonts/fa-v4compatibility-2.html]
[cdn.jsdelivr.net/npm/bootstrap@5.4.0/dist/css/bootstrap.min.css]
[blogger.googleusercontent.com/img/b/R29vZ2xl/AVvXsEjsWnkCZlbdh3Mup1eWjeLcrYxZnMR2MfRb5urzPmR/s1600/image.jpg]
[www.enhancercm.com/p/e.42.delayed]
[www.enhancercm.com/p/Version/index.html]
[www.enhancercm.com/p/t.params.43.delayed]
[www.enhancercm.com/p/privacy-policy.html]
[www.testqtech.com/assets/img/shape/9.png]
[www.enhancercm.com/p/services.html]
[www.enhancercm.com/p/contact.html]
[blogger.googleusercontent.com/img/b/R29vZ2xl/AVvXsEjzVjhPugGX5lJjSmzs-m0RDTjQnJWIqMG0oEJIbVZ/s1006/About.png]
[blogger.googleusercontent.com/img/b/R29vZ2xl/AVvXsEgSNZj6lv92n8_bGRjatThLnZjpnI7-RxlJ6Ap09cA/s16000/About.png]
[www.enhancercm.com/p/about.html]
[blogger.googleusercontent.com/img/b/R29vZ2xl/AVvXsEjCLSsr8IEmx4fr1cIeJ2xHCKm3GsTS40Lh6Yg9wF-/s1060/vJqGlWJ_Y2aes4TkIEH-r-transformed.jpeg]
[blogger.googleusercontent.com/img/b/R29vZ2xl/AVvXsEiV_jouxrbFCVZrUenNMfRSSi2fNshdswqb1ipRhdI/s320/01.png]
[blogger.googleusercontent.com/img/b/R29vZ2xl/AVvXsEhkAwTUZ2fSdmwKSa4X6qGEbCgA_r6WzRjF9fyE7aK/s320/02.png]
[blogger.googleusercontent.com/img/b/R29vZ2xl/AVvXsEh4SpcY9AW8qvkHrA7iCRiufbCmE4sNxtuVyED5cgG/s320/03.png]
[blogger.googleusercontent.com/img/b/R29vZ2xl/AVvXsEiJTuODk1FXZG9zT8ttc3hMgbh06rXLc_YjzJP7K5l/s320/04.png]
[www.enhancercm.com/p/who-we-help.html]
[www.enhancercm.com/p/faq.html]
[www.enhancercm.com/p/why-rcm-matters.html]
[www.enhancercm.com/p/benefits-of-outsourcing-rcm.html]
[4.bp.blogspot.com/-wPwjv7-YYGY/Wc98wlDT8qI/AAAAAAAAAEE/mH8YkPl8qJAH9FMuFKcShQvXXYMmVyrIgCLcBGAs/s1600/notfound.png]
[www.enhancercm.com/p/our-approach.html]
[www.enhancercm.com/p/key-benefits-for-clients.html]
[www.enhancercm.com/p/how-we-differ-from-others.html]
[blogger.googleusercontent.com/img/b/R29vZ2xl/AVvXsEhe1N7pcRe9WiHmeXKRoFdgT0zoBkrCxrBHd5j_m-7/s16000/01.png]
[blogger.googleusercontent.com/img/b/R29vZ2xl/AVvXsEjOjl0ShImuF7BBlidclgbsl_H13yiBUF8qLxKBUfS/s16000/02.png]
[blogger.googleusercontent.com/img/b/R29vZ2xl/AVvXsEilwGpXkL05MpJcQL2Ju2GeVZkde_Exf2w1oOecvCg/s16000/03.png]
[www.enhancercm.com/p/the-leadership.html]
[www.enhancercm.com/p/our-rcm-team.html]
[www.enhancercm.com/p/careers.html]
[www.enhancercm.com/p/terms-conditions.html]
[cdn.jsdelivr.net/npm/bootstrap-icons@1.11.3/font/fonts/bootstrap-icons0107.woff2]
[cdn.jsdelivr.net/npm/bootstrap-icons@1.11.3/font/fonts/bootstrap-icons0107.woff]
[cdn.jsdelivr.net/npm/bootstrap-icons@1.11.3/font/bootstrap-icons.min.css]
[www.enhancercm.com/Version/index.html]
[www.enhancercm.com/e.html]
[www.enhancercm.com/t.params.html]
[www.enhancercm.com/p/Version/index.html]
[www.enhancercm.com/p/e.html]
[www.enhancercm.com/p/t.params.html]
